11-Nov-2019 21:52:31.501 信息 [main] org.apache.catalina.startup.VersionLoggerListener.log Server version:        Apache Tomcat/8.5.42
11-Nov-2019 21:52:31.506 信息 [main] org.apache.catalina.startup.VersionLoggerListener.log Server built:          Jun 4 2019 20:29:04 UTC
11-Nov-2019 21:52:31.507 信息 [main] org.apache.catalina.startup.VersionLoggerListener.log Server number:         8.5.42.0
11-Nov-2019 21:52:31.507 信息 [main] org.apache.catalina.startup.VersionLoggerListener.log OS Name:               Windows 10
11-Nov-2019 21:52:31.507 信息 [main] org.apache.catalina.startup.VersionLoggerListener.log OS Version:            10.0
11-Nov-2019 21:52:31.508 信息 [main] org.apache.catalina.startup.VersionLoggerListener.log Architecture:          amd64
11-Nov-2019 21:52:31.508 信息 [main] org.apache.catalina.startup.VersionLoggerListener.log Java Home:             C:\Program Files\Java\jdk1.8.0_231\jre
11-Nov-2019 21:52:31.508 信息 [main] org.apache.catalina.startup.VersionLoggerListener.log JVM Version:           1.8.0_231-b11
11-Nov-2019 21:52:31.511 信息 [main] org.apache.catalina.startup.VersionLoggerListener.log JVM Vendor:            Oracle Corporation
11-Nov-2019 21:52:31.511 信息 [main] org.apache.catalina.startup.VersionLoggerListener.log CATALINA_BASE:         D:\Education\SE\apache-tomcat-8.5.42
11-Nov-2019 21:52:31.511 信息 [main] org.apache.catalina.startup.VersionLoggerListener.log CATALINA_HOME:         D:\Education\SE\apache-tomcat-8.5.42
11-Nov-2019 21:52:31.511 信息 [main] org.apache.catalina.startup.VersionLoggerListener.log Command line argument: -Djava.util.logging.config.file=D:\Education\SE\apache-tomcat-8.5.42\conf\logging.properties
11-Nov-2019 21:52:31.512 信息 [main] org.apache.catalina.startup.VersionLoggerListener.log Command line argument: -Djava.util.logging.manager=org.apache.juli.ClassLoaderLogManager
11-Nov-2019 21:52:31.512 信息 [main] org.apache.catalina.startup.VersionLoggerListener.log Command line argument: -Djdk.tls.ephemeralDHKeySize=2048
11-Nov-2019 21:52:31.512 信息 [main] org.apache.catalina.startup.VersionLoggerListener.log Command line argument: -Djava.protocol.handler.pkgs=org.apache.catalina.webresources
11-Nov-2019 21:52:31.512 信息 [main] org.apache.catalina.startup.VersionLoggerListener.log Command line argument: -Dignore.endorsed.dirs=
11-Nov-2019 21:52:31.513 信息 [main] org.apache.catalina.startup.VersionLoggerListener.log Command line argument: -Dcatalina.base=D:\Education\SE\apache-tomcat-8.5.42
11-Nov-2019 21:52:31.514 信息 [main] org.apache.catalina.startup.VersionLoggerListener.log Command line argument: -Dcatalina.home=D:\Education\SE\apache-tomcat-8.5.42
11-Nov-2019 21:52:31.515 信息 [main] org.apache.catalina.startup.VersionLoggerListener.log Command line argument: -Djava.io.tmpdir=D:\Education\SE\apache-tomcat-8.5.42\temp
11-Nov-2019 21:52:31.521 信息 [main] org.apache.catalina.core.AprLifecycleListener.lifecycleEvent Loaded APR based Apache Tomcat Native library [1.2.21] using APR version [1.6.5].
11-Nov-2019 21:52:31.522 信息 [main] org.apache.catalina.core.AprLifecycleListener.lifecycleEvent APR capabilities: IPv6 [true], sendfile [true], accept filters [false], random [true].
11-Nov-2019 21:52:31.523 信息 [main] org.apache.catalina.core.AprLifecycleListener.lifecycleEvent APR/OpenSSL configuration: useAprConnector [false], useOpenSSL [true]
11-Nov-2019 21:52:31.529 信息 [main] org.apache.catalina.core.AprLifecycleListener.initializeSSL OpenSSL successfully initialized [OpenSSL 1.1.1a  20 Nov 2018]
11-Nov-2019 21:52:31.663 信息 [main] org.apache.coyote.AbstractProtocol.init Initializing ProtocolHandler ["http-nio-8080"]
11-Nov-2019 21:52:31.987 信息 [main] org.apache.tomcat.util.net.NioSelectorPool.getSharedSelector Using a shared selector for servlet write/read
11-Nov-2019 21:52:32.000 信息 [main] org.apache.coyote.AbstractProtocol.init Initializing ProtocolHandler ["ajp-nio-8009"]
11-Nov-2019 21:52:32.003 信息 [main] org.apache.tomcat.util.net.NioSelectorPool.getSharedSelector Using a shared selector for servlet write/read
11-Nov-2019 21:52:32.004 信息 [main] org.apache.catalina.startup.Catalina.load Initialization processed in 936 ms
11-Nov-2019 21:52:32.032 信息 [main] org.apache.catalina.core.StandardService.startInternal Starting service [Catalina]
11-Nov-2019 21:52:32.032 信息 [main] org.apache.catalina.core.StandardEngine.startInternal Starting Servlet Engine: Apache Tomcat/8.5.42
11-Nov-2019 21:52:32.044 信息 [localhost-startStop-1] org.apache.catalina.startup.HostConfig.deployDirectory Deploying web application directory [D:\Education\SE\apache-tomcat-8.5.42\webapps\docs]
11-Nov-2019 21:52:32.317 信息 [localhost-startStop-1] org.apache.catalina.startup.HostConfig.deployDirectory Deployment of web application directory [D:\Education\SE\apache-tomcat-8.5.42\webapps\docs] has finished in [272] ms
11-Nov-2019 21:52:32.318 信息 [localhost-startStop-1] org.apache.catalina.startup.HostConfig.deployDirectory Deploying web application directory [D:\Education\SE\apache-tomcat-8.5.42\webapps\examples]
11-Nov-2019 21:52:34.209 信息 [localhost-startStop-1] org.apache.catalina.startup.HostConfig.deployDirectory Deployment of web application directory [D:\Education\SE\apache-tomcat-8.5.42\webapps\examples] has finished in [1,891] ms
11-Nov-2019 21:52:34.209 信息 [localhost-startStop-1] org.apache.catalina.startup.HostConfig.deployDirectory Deploying web application directory [D:\Education\SE\apache-tomcat-8.5.42\webapps\host-manager]
11-Nov-2019 21:52:34.254 信息 [localhost-startStop-1] org.apache.catalina.startup.HostConfig.deployDirectory Deployment of web application directory [D:\Education\SE\apache-tomcat-8.5.42\webapps\host-manager] has finished in [45] ms
11-Nov-2019 21:52:34.254 信息 [localhost-startStop-1] org.apache.catalina.startup.HostConfig.deployDirectory Deploying web application directory [D:\Education\SE\apache-tomcat-8.5.42\webapps\manager]
11-Nov-2019 21:52:34.292 信息 [localhost-startStop-1] org.apache.catalina.startup.HostConfig.deployDirectory Deployment of web application directory [D:\Education\SE\apache-tomcat-8.5.42\webapps\manager] has finished in [37] ms
11-Nov-2019 21:52:34.292 信息 [localhost-startStop-1] org.apache.catalina.startup.HostConfig.deployDirectory Deploying web application directory [D:\Education\SE\apache-tomcat-8.5.42\webapps\ROOT]
11-Nov-2019 21:52:34.325 信息 [localhost-startStop-1] org.apache.catalina.startup.HostConfig.deployDirectory Deployment of web application directory [D:\Education\SE\apache-tomcat-8.5.42\webapps\ROOT] has finished in [33] ms
11-Nov-2019 21:52:34.325 信息 [localhost-startStop-1] org.apache.catalina.startup.HostConfig.deployDirectory Deploying web application directory [D:\Education\SE\apache-tomcat-8.5.42\webapps\servlet_demo01]
11-Nov-2019 21:52:34.337 警告 [localhost-startStop-1] org.apache.tomcat.util.descriptor.web.WebXml.setVersion Unknown version string [4.0]. Default version will be used.
11-Nov-2019 21:52:34.366 信息 [localhost-startStop-1] org.apache.catalina.startup.HostConfig.deployDirectory Deployment of web application directory [D:\Education\SE\apache-tomcat-8.5.42\webapps\servlet_demo01] has finished in [41] ms
11-Nov-2019 21:52:34.370 信息 [main] org.apache.coyote.AbstractProtocol.start Starting ProtocolHandler ["http-nio-8080"]
11-Nov-2019 21:52:34.385 信息 [main] org.apache.coyote.AbstractProtocol.start Starting ProtocolHandler ["ajp-nio-8009"]
11-Nov-2019 21:52:34.390 信息 [main] org.apache.catalina.startup.Catalina.start Server startup in 2385 ms
11-Nov-2019 21:57:42.967 信息 [main] org.apache.catalina.core.StandardServer.await A valid shutdown command was received via the shutdown port. Stopping the Server instance.
11-Nov-2019 22:48:43.012 信息 [main] org.apache.catalina.startup.VersionLoggerListener.log Server version:        Apache Tomcat/8.5.42
11-Nov-2019 22:48:43.015 信息 [main] org.apache.catalina.startup.VersionLoggerListener.log Server built:          Jun 4 2019 20:29:04 UTC
11-Nov-2019 22:48:43.016 信息 [main] org.apache.catalina.startup.VersionLoggerListener.log Server number:         8.5.42.0
11-Nov-2019 22:48:43.016 信息 [main] org.apache.catalina.startup.VersionLoggerListener.log OS Name:               Windows 10
11-Nov-2019 22:48:43.016 信息 [main] org.apache.catalina.startup.VersionLoggerListener.log OS Version:            10.0
11-Nov-2019 22:48:43.016 信息 [main] org.apache.catalina.startup.VersionLoggerListener.log Architecture:          amd64
11-Nov-2019 22:48:43.016 信息 [main] org.apache.catalina.startup.VersionLoggerListener.log Java Home:             C:\Program Files\Java\jdk1.8.0_231\jre
11-Nov-2019 22:48:43.018 信息 [main] org.apache.catalina.startup.VersionLoggerListener.log JVM Version:           1.8.0_231-b11
11-Nov-2019 22:48:43.018 信息 [main] org.apache.catalina.startup.VersionLoggerListener.log JVM Vendor:            Oracle Corporation
11-Nov-2019 22:48:43.018 信息 [main] org.apache.catalina.startup.VersionLoggerListener.log CATALINA_BASE:         D:\Education\SE\apache-tomcat-8.5.42
11-Nov-2019 22:48:43.018 信息 [main] org.apache.catalina.startup.VersionLoggerListener.log CATALINA_HOME:         D:\Education\SE\apache-tomcat-8.5.42
11-Nov-2019 22:48:43.018 信息 [main] org.apache.catalina.startup.VersionLoggerListener.log Command line argument: -Djava.util.logging.config.file=D:\Education\SE\apache-tomcat-8.5.42\conf\logging.properties
11-Nov-2019 22:48:43.019 信息 [main] org.apache.catalina.startup.VersionLoggerListener.log Command line argument: -Djava.util.logging.manager=org.apache.juli.ClassLoaderLogManager
11-Nov-2019 22:48:43.019 信息 [main] org.apache.catalina.startup.VersionLoggerListener.log Command line argument: -Djdk.tls.ephemeralDHKeySize=2048
11-Nov-2019 22:48:43.019 信息 [main] org.apache.catalina.startup.VersionLoggerListener.log Command line argument: -Djava.protocol.handler.pkgs=org.apache.catalina.webresources
11-Nov-2019 22:48:43.019 信息 [main] org.apache.catalina.startup.VersionLoggerListener.log Command line argument: -Dignore.endorsed.dirs=
11-Nov-2019 22:48:43.019 信息 [main] org.apache.catalina.startup.VersionLoggerListener.log Command line argument: -Dcatalina.base=D:\Education\SE\apache-tomcat-8.5.42
11-Nov-2019 22:48:43.020 信息 [main] org.apache.catalina.startup.VersionLoggerListener.log Command line argument: -Dcatalina.home=D:\Education\SE\apache-tomcat-8.5.42
11-Nov-2019 22:48:43.020 信息 [main] org.apache.catalina.startup.VersionLoggerListener.log Command line argument: -Djava.io.tmpdir=D:\Education\SE\apache-tomcat-8.5.42\temp
11-Nov-2019 22:48:43.020 信息 [main] org.apache.catalina.core.AprLifecycleListener.lifecycleEvent Loaded APR based Apache Tomcat Native library [1.2.21] using APR version [1.6.5].
11-Nov-2019 22:48:43.020 信息 [main] org.apache.catalina.core.AprLifecycleListener.lifecycleEvent APR capabilities: IPv6 [true], sendfile [true], accept filters [false], random [true].
11-Nov-2019 22:48:43.021 信息 [main] org.apache.catalina.core.AprLifecycleListener.lifecycleEvent APR/OpenSSL configuration: useAprConnector [false], useOpenSSL [true]
11-Nov-2019 22:48:43.024 信息 [main] org.apache.catalina.core.AprLifecycleListener.initializeSSL OpenSSL successfully initialized [OpenSSL 1.1.1a  20 Nov 2018]
11-Nov-2019 22:48:43.101 信息 [main] org.apache.coyote.AbstractProtocol.init Initializing ProtocolHandler ["http-nio-8080"]
11-Nov-2019 22:48:43.309 信息 [main] org.apache.tomcat.util.net.NioSelectorPool.getSharedSelector Using a shared selector for servlet write/read
11-Nov-2019 22:48:43.316 信息 [main] org.apache.coyote.AbstractProtocol.init Initializing ProtocolHandler ["ajp-nio-8009"]
11-Nov-2019 22:48:43.318 信息 [main] org.apache.tomcat.util.net.NioSelectorPool.getSharedSelector Using a shared selector for servlet write/read
11-Nov-2019 22:48:43.322 信息 [main] org.apache.catalina.startup.Catalina.load Initialization processed in 565 ms
11-Nov-2019 22:48:43.340 信息 [main] org.apache.catalina.core.StandardService.startInternal Starting service [Catalina]
11-Nov-2019 22:48:43.340 信息 [main] org.apache.catalina.core.StandardEngine.startInternal Starting Servlet Engine: Apache Tomcat/8.5.42
11-Nov-2019 22:48:43.348 信息 [localhost-startStop-1] org.apache.catalina.startup.HostConfig.deployDirectory Deploying web application directory [D:\Education\SE\apache-tomcat-8.5.42\webapps\docs]
11-Nov-2019 22:48:43.497 信息 [localhost-startStop-1] org.apache.catalina.startup.HostConfig.deployDirectory Deployment of web application directory [D:\Education\SE\apache-tomcat-8.5.42\webapps\docs] has finished in [149] ms
11-Nov-2019 22:48:43.498 信息 [localhost-startStop-1] org.apache.catalina.startup.HostConfig.deployDirectory Deploying web application directory [D:\Education\SE\apache-tomcat-8.5.42\webapps\examples]
11-Nov-2019 22:48:43.700 信息 [localhost-startStop-1] org.apache.catalina.startup.HostConfig.deployDirectory Deployment of web application directory [D:\Education\SE\apache-tomcat-8.5.42\webapps\examples] has finished in [201] ms
11-Nov-2019 22:48:43.700 信息 [localhost-startStop-1] org.apache.catalina.startup.HostConfig.deployDirectory Deploying web application directory [D:\Education\SE\apache-tomcat-8.5.42\webapps\host-manager]
11-Nov-2019 22:48:43.723 信息 [localhost-startStop-1] org.apache.catalina.startup.HostConfig.deployDirectory Deployment of web application directory [D:\Education\SE\apache-tomcat-8.5.42\webapps\host-manager] has finished in [22] ms
11-Nov-2019 22:48:43.723 信息 [localhost-startStop-1] org.apache.catalina.startup.HostConfig.deployDirectory Deploying web application directory [D:\Education\SE\apache-tomcat-8.5.42\webapps\manager]
11-Nov-2019 22:48:43.743 信息 [localhost-startStop-1] org.apache.catalina.startup.HostConfig.deployDirectory Deployment of web application directory [D:\Education\SE\apache-tomcat-8.5.42\webapps\manager] has finished in [20] ms
11-Nov-2019 22:48:43.744 信息 [localhost-startStop-1] org.apache.catalina.startup.HostConfig.deployDirectory Deploying web application directory [D:\Education\SE\apache-tomcat-8.5.42\webapps\ROOT]
11-Nov-2019 22:48:43.760 信息 [localhost-startStop-1] org.apache.catalina.startup.HostConfig.deployDirectory Deployment of web application directory [D:\Education\SE\apache-tomcat-8.5.42\webapps\ROOT] has finished in [16] ms
11-Nov-2019 22:48:43.760 信息 [localhost-startStop-1] org.apache.catalina.startup.HostConfig.deployDirectory Deploying web application directory [D:\Education\SE\apache-tomcat-8.5.42\webapps\servlet_demo01]
11-Nov-2019 22:48:43.769 警告 [localhost-startStop-1] org.apache.tomcat.util.descriptor.web.WebXml.setVersion Unknown version string [4.0]. Default version will be used.
11-Nov-2019 22:48:43.788 信息 [localhost-startStop-1] org.apache.catalina.startup.HostConfig.deployDirectory Deployment of web application directory [D:\Education\SE\apache-tomcat-8.5.42\webapps\servlet_demo01] has finished in [28] ms
11-Nov-2019 22:48:43.790 信息 [main] org.apache.coyote.AbstractProtocol.start Starting ProtocolHandler ["http-nio-8080"]
11-Nov-2019 22:48:43.797 信息 [main] org.apache.coyote.AbstractProtocol.start Starting ProtocolHandler ["ajp-nio-8009"]
11-Nov-2019 22:48:43.799 信息 [main] org.apache.catalina.startup.Catalina.start Server startup in 476 ms
